<?xml version="1.0" encoding="UTF-8"?>
<!-- Generated by org.testng.reporters.JUnitReportReporter -->
<testsuite skipped="0" hostname="DESKTOP-TE2K1FU" name="com.test.Testngpro" tests="2" failures="0" timestamp="08 Mar 2019 18:23:23 GMT" time="31.666" errors="0">
  <testcase name="testcase2" time="15.348" classname="com.test.Testngpro"/>
  <testcase name="testcase1" time="16.318" classname="com.test.Testngpro"/>
</testsuite> <!-- com.test.Testngpro -->
