<?xml version="1.0" encoding="UTF-8"?>
<!-- Generated by org.testng.reporters.JUnitReportReporter -->
<testsuite skipped="0" hostname="DESKTOP-TE2K1FU" name="com.test.googleTest" tests="6" failures="0" timestamp="08 Mar 2019 03:32:51 GMT" time="34.292" errors="0">
  <testcase name="googletitleTest" time="5.718" classname="com.test.googleTest"/>
  <testcase name="mailLinkTest" time="5.314" classname="com.test.googleTest"/>
  <testcase name="googleLogoTest" time="5.651" classname="com.test.googleTest"/>
  <testcase name="test1" time="6.462" classname="com.test.googleTest"/>
  <testcase name="test2" time="5.605" classname="com.test.googleTest"/>
  <testcase name="test3" time="5.542" classname="com.test.googleTest"/>
</testsuite> <!-- com.test.googleTest -->
