<?xml version="1.0" encoding="UTF-8"?>
<!-- Generated by org.testng.reporters.JUnitReportReporter -->
<testsuite skipped="0" hostname="DESKTOP-TE2K1FU" name="com.test.testNgFeatures" tests="4" failures="0" timestamp="08 Mar 2019 03:41:18 GMT" time="0.018" errors="0">
  <testcase name="serchpageTest" time="0.002" classname="com.test.testNgFeatures"/>
  <testcase name="LoginTest" time="0.010" classname="com.test.testNgFeatures"/>
  <testcase name="homepageTest" time="0.003" classname="com.test.testNgFeatures"/>
  <testcase name="registrationTest" time="0.003" classname="com.test.testNgFeatures"/>
</testsuite> <!-- com.test.testNgFeatures -->
