<?xml version="1.0" encoding="UTF-8"?>
<!-- Generated by org.testng.reporters.JUnitReportReporter -->
<testsuite skipped="0" hostname="DESKTOP-TE2K1FU" name="ex1.testcase1" tests="1" failures="0" timestamp="06 Mar 2019 04:28:19 GMT" time="25.948" errors="0">
  <testcase name="testcase_01" time="25.948" classname="ex1.testcase1"/>
</testsuite> <!-- ex1.testcase1 -->
