<?xml version="1.0" encoding="UTF-8"?>
<!-- Generated by org.testng.reporters.JUnitReportReporter -->
<testsuite skipped="0" hostname="DESKTOP-TE2K1FU" name="com.test.invocationcounttest" tests="10" failures="0" timestamp="08 Mar 2019 04:05:11 GMT" time="0.055" errors="0">
  <testcase name="sum" time="0.002" classname="com.test.invocationcounttest"/>
  <testcase name="sum" time="0.002" classname="com.test.invocationcounttest"/>
  <testcase name="sum" time="0.002" classname="com.test.invocationcounttest"/>
  <testcase name="sum" time="0.002" classname="com.test.invocationcounttest"/>
  <testcase name="sum" time="0.014" classname="com.test.invocationcounttest"/>
  <testcase name="sum" time="0.005" classname="com.test.invocationcounttest"/>
  <testcase name="sum" time="0.003" classname="com.test.invocationcounttest"/>
  <testcase name="sum" time="0.012" classname="com.test.invocationcounttest"/>
  <testcase name="sum" time="0.011" classname="com.test.invocationcounttest"/>
  <testcase name="sum" time="0.002" classname="com.test.invocationcounttest"/>
</testsuite> <!-- com.test.invocationcounttest -->
