<?xml version="1.0" encoding="UTF-8"?>
<!-- Generated by org.testng.reporters.JUnitReportReporter -->
<testsuite skipped="0" hostname="DESKTOP-TE2K1FU" name="com.test.TestNgBasics" tests="2" failures="0" timestamp="08 Mar 2019 01:25:02 GMT" time="0.025" errors="0">
  <testcase name="googletitletest" time="0.015" classname="com.test.TestNgBasics"/>
  <testcase name="searchTest" time="0.010" classname="com.test.TestNgBasics"/>
</testsuite> <!-- com.test.TestNgBasics -->
